2021-06-03 06:28:27:2827 error: Can Not Found
2021-06-03 06:28:57:2857 info: [{"_id":"60b76f237e7ee765a0a2260b","name":"Shiba","quantity":15000000,"price":250000}]
2021-06-03 06:29:41:2941 info: [{"_id":"60b76f237e7ee765a0a2260b","name":"Shiba","quantity":15000000,"price":250000}]
2021-06-06 05:37:24:3724 info: {"status":1,"image":[],"_id":"60bbfca49faa1433305aa082","name":"Husky","quantity":250,"price":250000,"categoryId":"60b5431e04276c2b9037fb43","description":"ddd","__v":0}
2021-06-06 05:38:37:3837 info: {"name":"user1","email":"user1@gmail.com"}
2021-06-06 05:39:01:391 info: "eyJhbGciOiJIUzI1NiIsInR5cCI6IkpXVCJ9.eyJuYW1lIjoidXNlcjEiLCJyb2xlIjowLCJlbWFpbCI6InVzZXIxQGdtYWlsLmNvbSIsIl9pZCI6IjYwYmJmY2VkOWZhYTE0MzMzMDVhYTA4MyIsImlhdCI6MTYyMjkzMjc0MX0.r7Z2RnBamY8qxjdmDYo3d1VgAEbaTPyKDF8rNkjjFNs"
2021-06-06 05:40:47:4047 error: Not found
2021-06-06 05:42:08:428 error: Not found
2021-06-06 05:42:15:4215 error: Not found
2021-06-06 05:42:43:4243 error: Not found
2021-06-06 05:43:30:4330 error: ClientSession cannot be serialized to BSON.
2021-06-06 05:44:07:447 error: ClientSession cannot be serialized to BSON.
2021-06-06 05:44:53:4453 error: ClientSession cannot be serialized to BSON.
2021-06-06 05:45:55:4555 error: ClientSession cannot be serialized to BSON.
2021-06-06 05:46:54:4654 error: ClientSession cannot be serialized to BSON.
2021-06-06 05:47:09:479 error: ClientSession cannot be serialized to BSON.
2021-06-06 05:47:52:4752 error: ClientSession cannot be serialized to BSON.
2021-06-06 05:50:13:5013 error: Cast to embedded failed for value "1" (type string) at path "products"
2021-06-06 05:50:55:5055 error: Cast to embedded failed for value "1" (type string) at path "products"
2021-06-06 05:51:41:5141 error: Cast to embedded failed for value "1" (type string) at path "products"
2021-06-06 05:51:59:5159 error: Cast to embedded failed for value "1" (type string) at path "products"
2021-06-06 05:52:37:5237 error: Cast to embedded failed for value "1" (type string) at path "products"
2021-06-06 05:53:18:5318 error: Cast to embedded failed for value "1" (type string) at path "products"
2021-06-06 05:54:45:5445 error: Cast to embedded failed for value "1" (type string) at path "products"
2021-06-06 05:57:02:572 info: {"name":"user1","role":0,"email":"user1@gmail.com"}
2021-06-06 05:57:53:5753 info: {"name":"user1","role":0,"email":"user1@gmail.com"}
2021-06-06 05:58:04:584 error: Cast to embedded failed for value "1" (type string) at path "products"
2021-06-06 05:59:45:5945 info: [{"productId":"60b76f237e7ee765a0a2260b","quantity":"2"}]
2021-06-06 06:02:51:251 error: Cast to embedded failed for value "2" (type string) at path "products"
2021-06-06 06:03:10:310 error: Cast to embedded failed for value "2" (type string) at path "products"
2021-06-06 06:03:27:327 error: Cast to embedded failed for value "2" (type string) at path "products"
2021-06-06 06:05:19:519 info: [{"quantity":2,"_id":"60bc01e1be7589435a485bdb","productId":"60b76f237e7ee765a0a2260b"},{"productId":"60bbfca49faa1433305aa082","quantity":"2"}]
2021-06-06 06:16:46:1646 info: undefined
2021-06-06 06:17:17:1717 info: undefined
2021-06-06 06:17:32:1732 info: undefined
2021-06-06 06:17:46:1746 info: [{"quantity":2,"_id":"60bc01e1be7589435a485bdb","productId":"60b76f237e7ee765a0a2260b"},{"quantity":2,"_id":"60bc032fdb443c45a39fd068","productId":"60bbfca49faa1433305aa082"}]
2021-06-06 06:19:33:1933 error: Not found
2021-06-06 06:28:22:2822 info: [{"quantity":1,"productId":"60b76f237e7ee765a0a2260b"},{"quantity":1,"productId":"60bbfca49faa1433305aa082"}]
2021-06-06 06:28:48:2848 info: [{"quantity":3,"productId":"60b76f237e7ee765a0a2260b"},{"quantity":3,"productId":"60bbfca49faa1433305aa082"}]
2021-06-06 06:30:20:3020 info: {"name":"user1","email":"user1@gmail.com"}
2021-06-06 06:30:27:3027 info: "eyJhbGciOiJIUzI1NiIsInR5cCI6IkpXVCJ9.eyJuYW1lIjoidXNlcjEiLCJyb2xlIjowLCJlbWFpbCI6InVzZXIxQGdtYWlsLmNvbSIsIl9pZCI6IjYwYmMwOTBjMTU3Y2Q4NTdiYzI5OWEzYSIsImlhdCI6MTYyMjkzNTgyN30.SI66KMTguvvY8Z-QEN2ACAsApQkd5_QyaySyhcOl5MU"
2021-06-06 06:31:10:3110 info: [{"quantity":3,"productId":"60b76f237e7ee765a0a2260b"},{"quantity":3,"productId":"60bbfca49faa1433305aa082"}]
2021-06-06 06:33:34:3334 info: {"name":"user1","email":"user1@gmail.com"}
2021-06-06 06:33:45:3345 info: "eyJhbGciOiJIUzI1NiIsInR5cCI6IkpXVCJ9.eyJuYW1lIjoidXNlcjEiLCJyb2xlIjowLCJlbWFpbCI6InVzZXIxQGdtYWlsLmNvbSIsIl9pZCI6IjYwYmMwOWNlOThiOTlkNWFiZWVlZTZjMSIsImlhdCI6MTYyMjkzNjAyNX0.xnu2ERNE_1Yt2JmD2FlcAcsXo_oFYwTLW6GJ3QQ7nTo"
2021-06-06 06:34:04:344 info: [{"quantity":3,"productId":"60b76f237e7ee765a0a2260b"},{"quantity":3,"productId":"60bbfca49faa1433305aa082"}]
2021-06-06 06:35:20:3520 info: [{"quantity":1,"productId":"60b76f237e7ee765a0a2260b"},{"quantity":1,"productId":"60bbfca49faa1433305aa082"}]
2021-06-06 06:36:14:3614 info: [{"quantity":1,"_id":"60bc0a3898b99d5abeeee6c5","productId":"60b76f237e7ee765a0a2260b"},{"quantity":1,"_id":"60bc0a3898b99d5abeeee6c6","productId":"60bbfca49faa1433305aa082"}]
2021-06-06 06:37:23:3723 info: undefined
2021-06-06 06:37:25:3725 info: undefined
2021-06-06 06:37:57:3757 info: {"name":"user1","email":"user1@gmail.com"}
2021-06-06 06:38:01:381 info: "eyJhbGciOiJIUzI1NiIsInR5cCI6IkpXVCJ9.eyJuYW1lIjoidXNlcjEiLCJyb2xlIjowLCJlbWFpbCI6InVzZXIxQGdtYWlsLmNvbSIsIl9pZCI6IjYwYmMwYWQ1OGRjYzc0NWVlZmI1YzM1MSIsImlhdCI6MTYyMjkzNjI4MX0.Sv8h3L6z5eBx7vh3Jv06xSzevWcM4FzOSfdzdFfVJpQ"
2021-06-06 06:38:55:3855 info: "eyJhbGciOiJIUzI1NiIsInR5cCI6IkpXVCJ9.eyJuYW1lIjoidXNlcjEiLCJyb2xlIjowLCJlbWFpbCI6InVzZXIxQGdtYWlsLmNvbSIsIl9pZCI6IjYwYmMwYWQ1OGRjYzc0NWVlZmI1YzM1MSIsImlhdCI6MTYyMjkzNjMzNX0.Xb_XF8LYT0swaY6vRw3tb0O9yOvZGEdXNTppiD-pZwo"
2021-06-06 06:39:37:3937 error: Unexpected token } in JSON at position 213
2021-06-06 06:39:42:3942 error: Cannot read property 'concat' of undefined
2021-06-06 06:40:43:4043 info: [{"quantity":3,"productId":"60b76f237e7ee765a0a2260b"},{"quantity":3,"productId":"60bbfca49faa1433305aa082"}]
2021-06-06 06:44:14:4414 info: [{"quantity":1,"productId":"60b76f237e7ee765a0a2260b"},{"quantity":1,"productId":"60bbfca49faa1433305aa082"}]
2021-06-06 06:44:51:4451 info: {"name":"user1","email":"user1@gmail.com"}
2021-06-06 06:45:00:450 info: "eyJhbGciOiJIUzI1NiIsInR5cCI6IkpXVCJ9.eyJuYW1lIjoidXNlcjEiLCJyb2xlIjowLCJlbWFpbCI6InVzZXIxQGdtYWlsLmNvbSIsIl9pZCI6IjYwYmMwYzczOWY2NzEwNjJlYThhZWI5MCIsImlhdCI6MTYyMjkzNjcwMH0.nMKgYNzgKw0rvQFdIYk92sVeCLTnDWLxHQJAgf4GTIw"
2021-06-06 06:45:29:4529 info: [{"quantity":1,"productId":"60b76f237e7ee765a0a2260b"},{"quantity":1,"productId":"60bbfca49faa1433305aa082"}]
2021-06-06 06:46:26:4626 info: [{"quantity":2,"productId":"60b76f237e7ee765a0a2260b"},{"quantity":1,"productId":"60bbfca49faa1433305aa082"}]
2021-06-07 07:22:18:2218 error: Unauthorized
2021-06-07 07:22:23:2223 info: {"email":"staff2@gmail.com","name":"staff2","role":1}
2021-06-07 07:23:14:2314 error: Not found
2021-06-07 07:23:20:2320 info: {"role":0,"status":1,"image":null,"_id":"60bc0c739f671062ea8aeb90","name":"user1","password":"$2b$10$E7Gym9s54FgfHrQUwkN6jOsRkiyaM1rwxXi06e9Av0A.iPC4sr8fK","email":"user1@gmail.com","__v":0}
2021-06-07 07:24:14:2414 info: {"name":"user1","status":1,"email":"user1@gmail.com"}
2021-06-07 07:25:47:2547 error: Not found
2021-06-07 07:25:54:2554 info: "eyJhbGciOiJIUzI1NiIsInR5cCI6IkpXVCJ9.eyJuYW1lIjoibWFuYWdlciIsInJvbGUiOjIsImVtYWlsIjoibWFuYWdlckBnbWFpbC5jb20iLCJfaWQiOiI2MGFiZWExMWQ5MjU2NzRjZTJjMGU1ZGQiLCJpYXQiOjE2MjMwMjU1NTR9.dhS-vF75aZMwDlc_Go617GIXVa_EQ125NaeqlxRKOe0"
2021-06-07 07:26:47:2647 error: Not found
2021-06-07 07:26:57:2657 info: {"role":1,"status":0,"image":null,"_id":"60abe998db6bef4c5a1e3b6a","name":"staff","password":"$2b$10$bjoAIqGbD0nfmYpc/HxxGufnaAxcR6fSPA1JaP83Ddqv8gq2FYfNi","email":"staff@gmail.com","__v":0}
2021-06-07 07:28:07:287 info: {"name":"staff","email":"staff@gmail.com","status":0,"role":1}
2021-06-07 07:28:37:2837 info: {"role":0,"status":1,"image":null,"_id":"60bc0c739f671062ea8aeb90","name":"user1","password":"$2b$10$E7Gym9s54FgfHrQUwkN6jOsRkiyaM1rwxXi06e9Av0A.iPC4sr8fK","email":"user1@gmail.com","__v":0}
2021-06-07 07:29:21:2921 info: {"name":"user1","email":"user1@gmail.com","status":1,"role":0}
2021-06-07 07:38:46:3846 info: {"name":"user1","role":0,"email":"user1@gmail.com"}
2021-06-07 07:38:54:3854 error: Not found
2021-06-07 07:39:50:3950 error: Unexpected number in JSON at position 40
2021-06-07 07:39:57:3957 error: Not found
2021-06-07 07:40:16:4016 error: Not found
2021-06-07 07:40:32:4032 error: Can Not Found
2021-06-07 07:41:17:4117 info: [{"quantity":2,"_id":"60bc0cd29f671062ea8aeb94","productId":"60b76f237e7ee765a0a2260b"},{"quantity":1,"_id":"60bc0cd29f671062ea8aeb95","productId":"60bbfca49faa1433305aa082"},{"quantity":2,"productId":"60b76f237e7ee765a0a2260b"},{"quantity":1,"productId":"60bbfca49faa1433305aa082"}]
2021-06-07 07:41:56:4156 error: Can Not Found
2021-06-07 07:42:09:429 error: Promise.map is not a function
2021-06-07 07:42:34:4234 error: Promise.map is not a function
2021-06-07 07:42:43:4243 error: Promise.map is not a function
2021-06-07 07:43:00:430 error: Promise.map is not a function
2021-06-07 07:46:39:4639 error: Promise.map is not a function
2021-06-07 07:47:08:478 error: Promise.map is not a function
2021-06-07 07:50:08:508 error: Promise.map is not a function
2021-06-07 07:51:29:5129 error: Promise.map is not a function
2021-06-07 07:51:43:5143 error: Promise.map is not a function
2021-06-07 07:53:11:5311 error: Promise.map is not a function
2021-06-07 07:55:12:5512 error: a is not defined
2021-06-07 07:56:02:562 error: Promise.map is not a function
2021-06-07 07:57:31:5731 error: a is not defined
2021-06-07 07:58:26:5826 error: a is not defined
2021-06-07 08:01:02:12 error: Promise.map is not a function
2021-06-07 08:04:42:442 error: Promise.map is not a function
2021-06-07 08:07:04:74 error: Promise.map is not a function
2021-06-07 08:11:46:1146 error: Cannot create namespace webstore.orders in multi-document transaction.
2021-06-07 08:13:01:131 error: Cannot create namespace webstore.orders in multi-document transaction.
2021-06-07 08:13:55:1355 error: Promise.map is not a function
2021-06-07 08:15:18:1518 error: Cannot create namespace webstore.orders in multi-document transaction.
2021-06-07 08:17:24:1724 error: Cannot create namespace webstore.orders in multi-document transaction.
2021-06-07 08:18:19:1819 error: Cannot create namespace webstore.orders in multi-document transaction.
2021-06-07 08:18:42:1842 error: Promise.map is not a function
2021-06-07 08:19:51:1951 error: Promise.map is not a function
2021-06-07 08:21:24:2124 error: Promise.map is not a function
2021-06-07 08:26:14:2614 error: Cannot create namespace webstore.orders in multi-document transaction.
2021-06-07 08:26:47:2647 error: Cannot create namespace webstore.orders in multi-document transaction.
2021-06-07 08:27:34:2734 error: Cannot create namespace webstore.orders in multi-document transaction.
2021-06-07 08:30:08:308 error: Cannot create namespace webstore.orders in multi-document transaction.
2021-06-07 08:30:19:3019 error: Cannot create namespace webstore.orders in multi-document transaction.
2021-06-07 08:31:02:312 error: Cannot create namespace webstore.orders in multi-document transaction.
2021-06-07 08:33:13:3313 error: Cannot create namespace webstore.orders in multi-document transaction.
2021-06-07 08:34:52:3452 error: Cannot create namespace webstore.orders in multi-document transaction.
2021-06-07 08:37:58:3758 info: [{"productId":"60b76f237e7ee765a0a2260b","quantity":2,"price":250000},{"productId":"60bbfca49faa1433305aa082","quantity":1,"price":250000},{"productId":"60b76f237e7ee765a0a2260b","quantity":2,"price":250000},{"productId":"60bbfca49faa1433305aa082","quantity":1,"price":250000}]
2021-06-07 08:39:57:3957 info: [{"productId":"60b76f237e7ee765a0a2260b","quantity":2,"price":250000},{"productId":"60bbfca49faa1433305aa082","quantity":1,"price":250000},{"productId":"60b76f237e7ee765a0a2260b","quantity":2,"price":250000},{"productId":"60bbfca49faa1433305aa082","quantity":1,"price":250000}]
2021-06-07 08:40:57:4057 info: [{"productId":"60b76f237e7ee765a0a2260b","quantity":2},{"productId":"60bbfca49faa1433305aa082","quantity":1}]
2021-06-07 08:42:10:4210 error: Promise.map is not a function
2021-06-07 08:42:26:4226 info: [{"productId":"60b76f237e7ee765a0a2260b","quantity":2,"price":250000},{"productId":"60bbfca49faa1433305aa082","quantity":1,"price":250000}]
2021-06-07 08:42:55:4255 info: [{"productId":"60b76f237e7ee765a0a2260b","quantity":2},{"productId":"60bbfca49faa1433305aa082","quantity":1}]
2021-06-07 08:43:51:4351 info: [{"productId":"60b76f237e7ee765a0a2260b","quantity":2,"price":250000},{"productId":"60bbfca49faa1433305aa082","quantity":1,"price":250000}]
2021-06-09 02:42:37:4237 info: {"name":"user1","role":0,"email":"user1@gmail.com"}
2021-06-09 02:43:00:430 info: [{"quantity":1,"productId":"60b76f237e7ee765a0a2260b"},{"quantity":1,"productId":"60bbfca49faa1433305aa082"}]
2021-06-09 02:45:12:4512 info: [{"quantity":4,"productId":"60b76f237e7ee765a0a2260b"},{"quantity":7,"productId":"60bbfca49faa1433305aa082"}]
2021-06-09 02:45:51:4551 info: [{"quantity":4,"_id":"60bfc8c839d5b04c36c60ae5","productId":"60b76f237e7ee765a0a2260b"},{"quantity":7,"_id":"60bfc8c839d5b04c36c60ae6","productId":"60bbfca49faa1433305aa082"}]
2021-06-09 02:55:21:5521 info: [{"quantity":4,"_id":"60bfc8c839d5b04c36c60ae5","productId":"60b76f237e7ee765a0a2260b"},{"quantity":7,"_id":"60bfc8c839d5b04c36c60ae6","productId":"60bbfca49faa1433305aa082"}]
2021-06-09 03:01:38:138 error: Invalid status code: [ [Object] ]
2021-06-09 03:03:03:33 error: Invalid status code: [ [Object] ]
2021-06-09 03:05:16:516 error: Invalid status code: [ [Object] ]
2021-06-09 03:05:43:543 error: Invalid status code: [ [Object] ]
2021-06-09 03:06:54:654 info: [{"quantity":4,"_id":"60bfc8c839d5b04c36c60ae5","productId":"60b76f237e7ee765a0a2260b"},{"quantity":7,"_id":"60bfc8c839d5b04c36c60ae6","productId":"60bbfca49faa1433305aa082"}]
2021-06-09 03:07:12:712 error: Invalid status code: [ [Object], [Object] ]
2021-06-09 03:07:14:714 error: Invalid status code: [ [Object], [Object] ]
2021-06-09 03:07:40:740 info: [{"quantity":4,"_id":"60bfc8c839d5b04c36c60ae5","productId":"60b76f237e7ee765a0a2260b"},{"quantity":7,"_id":"60bfc8c839d5b04c36c60ae6","productId":"60bbfca49faa1433305aa082"}]
2021-06-09 03:08:31:831 info: [{"quantity":4,"_id":"60bfc8c839d5b04c36c60ae5","productId":"60b76f237e7ee765a0a2260b"},{"quantity":7,"_id":"60bfc8c839d5b04c36c60ae6","productId":"60bbfca49faa1433305aa082"}]
2021-06-09 03:08:36:836 error: Invalid status code: [ [Object] ]
2021-06-09 03:09:02:92 error: Invalid status code: [ [Object] ]
2021-06-09 03:09:21:921 error: Invalid status code: [ [Object] ]
2021-06-09 03:11:54:1154 error: Invalid status code: [ [Object] ]
2021-06-09 03:13:42:1342 error: Invalid status code: [ [Object] ]
2021-06-09 03:14:29:1429 error: Invalid status code: [ [Object] ]
2021-06-09 03:14:54:1454 error: Invalid status code: NaN
2021-06-09 03:15:24:1524 error: Invalid status code: NaN
2021-06-09 03:16:17:1617 error: Invalid status code: NaN
2021-06-09 03:17:14:1714 info: [{"quantity":4,"_id":"60bfc8c839d5b04c36c60ae5","productId":"60b76f237e7ee765a0a2260b"},{"quantity":7,"_id":"60bfc8c839d5b04c36c60ae6","productId":"60bbfca49faa1433305aa082"}]
2021-06-09 03:18:16:1816 info: [{"quantity":4,"_id":"60bfc8c839d5b04c36c60ae5","productId":"60b76f237e7ee765a0a2260b"},{"quantity":7,"_id":"60bfc8c839d5b04c36c60ae6","productId":"60bbfca49faa1433305aa082"},{"quantity":4,"productId":"60b76f237e7ee765a0a2260b"},{"quantity":7,"productId":"60bbfca49faa1433305aa082"}]
2021-06-09 03:18:51:1851 error: Invalid status code: NaN
2021-06-09 03:19:29:1929 error: Invalid status code: NaN
2021-06-09 03:20:14:2014 error: Invalid status code: NaN
2021-06-09 03:20:58:2058 error: Invalid status code: NaN
2021-06-09 03:21:27:2127 error: Invalid status code: [{"status":1,"deliveryDay":null,"finishDay":null,"_id":"60bd79d7481fd458a786456a","userId":"60bc0c739f671062ea8aeb90","products":[{"_id":"60bd79d7481fd458a786456b","productId":"60b76f237e7ee765a0a2260b","quantity":2,"price":250000},{"_id":"60bd79d7481fd458a786456c","productId":"60bbfca49faa1433305aa082","quantity":1,"price":250000}],"total":750000,"address":"Vinhome","phone":"0965707061","createdAt":"2021-06-07T01:43:51.422Z","updatedAt":"2021-06-07T01:43:51.422Z","__v":0}]
2021-06-09 03:22:39:2239 error: statusCode is not defined
2021-06-09 03:22:57:2257 error: Invalid status code: [ [Object] ]
2021-06-09 03:23:25:2325 error: Invalid status code: [ [Object] ]
2021-06-09 03:26:57:2657 error: Invalid status code: [ [Object] ]
2021-06-09 03:29:01:291 info: [{"status":1,"deliveryDay":null,"finishDay":null,"_id":"60bd79d7481fd458a786456a","userId":"60bc0c739f671062ea8aeb90","products":[{"_id":"60bd79d7481fd458a786456b","productId":"60b76f237e7ee765a0a2260b","quantity":2,"price":250000},{"_id":"60bd79d7481fd458a786456c","productId":"60bbfca49faa1433305aa082","quantity":1,"price":250000}],"total":750000,"address":"Vinhome","phone":"0965707061","createdAt":"2021-06-07T01:43:51.422Z","updatedAt":"2021-06-07T01:43:51.422Z","__v":0}]
2021-06-09 03:30:10:3010 info: [{"quantity":4,"_id":"60bfc8c839d5b04c36c60ae5","productId":"60b76f237e7ee765a0a2260b"},{"quantity":7,"_id":"60bfc8c839d5b04c36c60ae6","productId":"60bbfca49faa1433305aa082"},{"quantity":4,"_id":"60bfd08885190967693945b6","productId":"60b76f237e7ee765a0a2260b"},{"quantity":7,"_id":"60bfd08885190967693945b7","productId":"60bbfca49faa1433305aa082"}]
2021-06-09 03:30:27:3027 error: Invalid status code: [ [Object] ]
2021-06-09 03:30:54:3054 info: [{"quantity":4,"_id":"60bfc8c839d5b04c36c60ae5","productId":"60b76f237e7ee765a0a2260b"},{"quantity":7,"_id":"60bfc8c839d5b04c36c60ae6","productId":"60bbfca49faa1433305aa082"},{"quantity":4,"_id":"60bfd08885190967693945b6","productId":"60b76f237e7ee765a0a2260b"},{"quantity":7,"_id":"60bfd08885190967693945b7","productId":"60bbfca49faa1433305aa082"}]
2021-06-09 03:30:59:3059 error: Invalid status code: [ [Object] ]
2021-06-09 03:31:15:3115 error: httpCode is not defined
2021-06-09 03:31:16:3116 error: httpCode is not defined
2021-06-09 03:31:31:3131 info: [{"status":1,"deliveryDay":null,"finishDay":null,"_id":"60bd79d7481fd458a786456a","userId":"60bc0c739f671062ea8aeb90","products":[{"_id":"60bd79d7481fd458a786456b","productId":"60b76f237e7ee765a0a2260b","quantity":2,"price":250000},{"_id":"60bd79d7481fd458a786456c","productId":"60bbfca49faa1433305aa082","quantity":1,"price":250000}],"total":750000,"address":"Vinhome","phone":"0965707061","createdAt":"2021-06-07T01:43:51.422Z","updatedAt":"2021-06-07T01:43:51.422Z","__v":0}]
2021-06-09 03:32:37:3237 info: {"name":"user1","role":0,"email":"user1@gmail.com"}
2021-06-09 03:33:35:3335 info: [{"status":1,"deliveryDay":null,"finishDay":null,"_id":"60bd79d7481fd458a786456a","userId":"60bc0c739f671062ea8aeb90","products":[{"_id":"60bd79d7481fd458a786456b","productId":"60b76f237e7ee765a0a2260b","quantity":2,"price":250000},{"_id":"60bd79d7481fd458a786456c","productId":"60bbfca49faa1433305aa082","quantity":1,"price":250000}],"total":750000,"address":"Vinhome","phone":"0965707061","createdAt":"2021-06-07T01:43:51.422Z","updatedAt":"2021-06-07T01:43:51.422Z","__v":0}]
2021-06-09 03:35:33:3533 info: [{"status":1,"deliveryDay":null,"finishDay":null,"_id":"60bd79d7481fd458a786456a","userId":"60bc0c739f671062ea8aeb90","products":[{"_id":"60bd79d7481fd458a786456b","productId":"60b76f237e7ee765a0a2260b","quantity":2,"price":250000},{"_id":"60bd79d7481fd458a786456c","productId":"60bbfca49faa1433305aa082","quantity":1,"price":250000}],"total":750000,"address":"Vinhome","phone":"0965707061","createdAt":"2021-06-07T01:43:51.422Z","updatedAt":"2021-06-07T01:43:51.422Z","__v":0}]
2021-06-09 03:40:19:4019 info: [{"status":1,"deliveryDay":null,"finishDay":null,"_id":"60bd79d7481fd458a786456a","userId":"60bc0c739f671062ea8aeb90","products":[{"_id":"60bd79d7481fd458a786456b","productId":"60b76f237e7ee765a0a2260b","quantity":2,"price":250000},{"_id":"60bd79d7481fd458a786456c","productId":"60bbfca49faa1433305aa082","quantity":1,"price":250000}],"total":750000,"address":"Vinhome","phone":"0965707061","createdAt":"2021-06-07T01:43:51.422Z","updatedAt":"2021-06-07T01:43:51.422Z","__v":0}]
2021-06-09 03:40:28:4028 info: [{"productId":"60b76f237e7ee765a0a2260b","quantity":4,"price":250000},{"productId":"60bbfca49faa1433305aa082","quantity":7,"price":250000},{"productId":"60b76f237e7ee765a0a2260b","quantity":4,"price":250000},{"productId":"60bbfca49faa1433305aa082","quantity":7,"price":250000}]
