2021-06-03 06:16:09:169 error: Can Not Found
2021-06-03 06:17:24:1724 error: Can Not Found
2021-06-03 06:27:45:2745 error: Can Not Found
2021-06-03 06:28:27:2827 error: Can Not Found
2021-06-06 05:40:47:4047 error: Not found
2021-06-06 05:42:08:428 error: Not found
2021-06-06 05:42:15:4215 error: Not found
2021-06-06 05:42:43:4243 error: Not found
2021-06-06 05:43:30:4330 error: ClientSession cannot be serialized to BSON.
2021-06-06 05:44:07:447 error: ClientSession cannot be serialized to BSON.
2021-06-06 05:44:53:4453 error: ClientSession cannot be serialized to BSON.
2021-06-06 05:45:55:4555 error: ClientSession cannot be serialized to BSON.
2021-06-06 05:46:54:4654 error: ClientSession cannot be serialized to BSON.
2021-06-06 05:47:09:479 error: ClientSession cannot be serialized to BSON.
2021-06-06 05:47:52:4752 error: ClientSession cannot be serialized to BSON.
2021-06-06 05:50:13:5013 error: Cast to embedded failed for value "1" (type string) at path "products"
2021-06-06 05:50:55:5055 error: Cast to embedded failed for value "1" (type string) at path "products"
2021-06-06 05:51:41:5141 error: Cast to embedded failed for value "1" (type string) at path "products"
2021-06-06 05:51:59:5159 error: Cast to embedded failed for value "1" (type string) at path "products"
2021-06-06 05:52:37:5237 error: Cast to embedded failed for value "1" (type string) at path "products"
2021-06-06 05:53:18:5318 error: Cast to embedded failed for value "1" (type string) at path "products"
2021-06-06 05:54:45:5445 error: Cast to embedded failed for value "1" (type string) at path "products"
2021-06-06 05:58:04:584 error: Cast to embedded failed for value "1" (type string) at path "products"
2021-06-06 06:02:51:251 error: Cast to embedded failed for value "2" (type string) at path "products"
2021-06-06 06:03:10:310 error: Cast to embedded failed for value "2" (type string) at path "products"
2021-06-06 06:03:27:327 error: Cast to embedded failed for value "2" (type string) at path "products"
2021-06-06 06:19:33:1933 error: Not found
2021-06-06 06:39:37:3937 error: Unexpected token } in JSON at position 213
2021-06-06 06:39:42:3942 error: Cannot read property 'concat' of undefined
2021-06-07 07:22:18:2218 error: Unauthorized
2021-06-07 07:23:14:2314 error: Not found
2021-06-07 07:25:47:2547 error: Not found
2021-06-07 07:26:47:2647 error: Not found
2021-06-07 07:38:54:3854 error: Not found
2021-06-07 07:39:50:3950 error: Unexpected number in JSON at position 40
2021-06-07 07:39:57:3957 error: Not found
2021-06-07 07:40:16:4016 error: Not found
2021-06-07 07:40:32:4032 error: Can Not Found
2021-06-07 07:41:56:4156 error: Can Not Found
2021-06-07 07:42:09:429 error: Promise.map is not a function
2021-06-07 07:42:34:4234 error: Promise.map is not a function
2021-06-07 07:42:43:4243 error: Promise.map is not a function
2021-06-07 07:43:00:430 error: Promise.map is not a function
2021-06-07 07:46:39:4639 error: Promise.map is not a function
2021-06-07 07:47:08:478 error: Promise.map is not a function
2021-06-07 07:50:08:508 error: Promise.map is not a function
2021-06-07 07:51:29:5129 error: Promise.map is not a function
2021-06-07 07:51:43:5143 error: Promise.map is not a function
2021-06-07 07:53:11:5311 error: Promise.map is not a function
2021-06-07 07:55:12:5512 error: a is not defined
2021-06-07 07:56:02:562 error: Promise.map is not a function
2021-06-07 07:57:31:5731 error: a is not defined
2021-06-07 07:58:26:5826 error: a is not defined
2021-06-07 08:01:02:12 error: Promise.map is not a function
2021-06-07 08:04:42:442 error: Promise.map is not a function
2021-06-07 08:07:04:74 error: Promise.map is not a function
2021-06-07 08:11:46:1146 error: Cannot create namespace webstore.orders in multi-document transaction.
2021-06-07 08:13:01:131 error: Cannot create namespace webstore.orders in multi-document transaction.
2021-06-07 08:13:55:1355 error: Promise.map is not a function
2021-06-07 08:15:18:1518 error: Cannot create namespace webstore.orders in multi-document transaction.
2021-06-07 08:17:24:1724 error: Cannot create namespace webstore.orders in multi-document transaction.
2021-06-07 08:18:19:1819 error: Cannot create namespace webstore.orders in multi-document transaction.
2021-06-07 08:18:42:1842 error: Promise.map is not a function
2021-06-07 08:19:51:1951 error: Promise.map is not a function
2021-06-07 08:21:24:2124 error: Promise.map is not a function
2021-06-07 08:26:14:2614 error: Cannot create namespace webstore.orders in multi-document transaction.
2021-06-07 08:26:47:2647 error: Cannot create namespace webstore.orders in multi-document transaction.
2021-06-07 08:27:34:2734 error: Cannot create namespace webstore.orders in multi-document transaction.
2021-06-07 08:30:08:308 error: Cannot create namespace webstore.orders in multi-document transaction.
2021-06-07 08:30:19:3019 error: Cannot create namespace webstore.orders in multi-document transaction.
2021-06-07 08:31:02:312 error: Cannot create namespace webstore.orders in multi-document transaction.
2021-06-07 08:33:13:3313 error: Cannot create namespace webstore.orders in multi-document transaction.
2021-06-07 08:34:52:3452 error: Cannot create namespace webstore.orders in multi-document transaction.
2021-06-07 08:42:10:4210 error: Promise.map is not a function
2021-06-09 03:01:38:138 error: Invalid status code: [ [Object] ]
2021-06-09 03:03:03:33 error: Invalid status code: [ [Object] ]
2021-06-09 03:05:16:516 error: Invalid status code: [ [Object] ]
2021-06-09 03:05:43:543 error: Invalid status code: [ [Object] ]
2021-06-09 03:07:12:712 error: Invalid status code: [ [Object], [Object] ]
2021-06-09 03:07:14:714 error: Invalid status code: [ [Object], [Object] ]
2021-06-09 03:08:36:836 error: Invalid status code: [ [Object] ]
2021-06-09 03:09:02:92 error: Invalid status code: [ [Object] ]
2021-06-09 03:09:21:921 error: Invalid status code: [ [Object] ]
2021-06-09 03:11:54:1154 error: Invalid status code: [ [Object] ]
2021-06-09 03:13:42:1342 error: Invalid status code: [ [Object] ]
2021-06-09 03:14:29:1429 error: Invalid status code: [ [Object] ]
2021-06-09 03:14:54:1454 error: Invalid status code: NaN
2021-06-09 03:15:24:1524 error: Invalid status code: NaN
2021-06-09 03:16:17:1617 error: Invalid status code: NaN
2021-06-09 03:18:51:1851 error: Invalid status code: NaN
2021-06-09 03:19:29:1929 error: Invalid status code: NaN
2021-06-09 03:20:14:2014 error: Invalid status code: NaN
2021-06-09 03:20:58:2058 error: Invalid status code: NaN
2021-06-09 03:21:27:2127 error: Invalid status code: [{"status":1,"deliveryDay":null,"finishDay":null,"_id":"60bd79d7481fd458a786456a","userId":"60bc0c739f671062ea8aeb90","products":[{"_id":"60bd79d7481fd458a786456b","productId":"60b76f237e7ee765a0a2260b","quantity":2,"price":250000},{"_id":"60bd79d7481fd458a786456c","productId":"60bbfca49faa1433305aa082","quantity":1,"price":250000}],"total":750000,"address":"Vinhome","phone":"0965707061","createdAt":"2021-06-07T01:43:51.422Z","updatedAt":"2021-06-07T01:43:51.422Z","__v":0}]
2021-06-09 03:22:39:2239 error: statusCode is not defined
2021-06-09 03:22:57:2257 error: Invalid status code: [ [Object] ]
2021-06-09 03:23:25:2325 error: Invalid status code: [ [Object] ]
2021-06-09 03:26:57:2657 error: Invalid status code: [ [Object] ]
2021-06-09 03:30:27:3027 error: Invalid status code: [ [Object] ]
2021-06-09 03:30:59:3059 error: Invalid status code: [ [Object] ]
2021-06-09 03:31:15:3115 error: httpCode is not defined
2021-06-09 03:31:16:3116 error: httpCode is not defined
2021-06-15 09:41:54:4154 error: Not found
2021-06-15 09:42:07:427 error: Not found
2021-06-15 09:42:13:4213 error: Not found
2021-06-15 09:43:53:4353 error: Not found
2021-06-15 09:44:46:4446 error: Not found
2021-06-15 09:44:52:4452 error: Not found
2021-06-15 09:46:21:4621 error: Not found
2021-06-15 09:50:02:502 error: limit is not defined
2021-06-15 09:53:05:535 error: Not found
2021-06-15 09:58:25:5825 error: Not found
2021-06-15 09:59:49:5949 error: Not found
2021-06-15 10:00:43:043 error: Not found
2021-06-15 10:07:45:745 error: Parameter "filter" to find() must be an object, got 60bc0c739f671062ea8aeb90
2021-06-15 10:08:55:855 error: Options must be an object, got "limit:1"
2021-06-15 10:09:16:916 error: Options must be an object, got "{limit:1}"
2021-06-15 10:09:50:950 error: Parameter "filter" to find() must be an object, got 60bc0c739f671062ea8aeb90
2021-06-15 10:12:03:123 error: Parameter "filter" to find() must be an object, got {userId:60bc0c739f671062ea8aeb90}
2021-06-15 10:15:51:1551 error: Not found
2021-06-15 10:22:58:2258 error: Cast to ObjectId failed for value "60bc0c739f671062ea8aeb90/select?total/limit?2" (type string) at path "userId" for model "order"
2021-06-15 10:23:18:2318 error: Cast to ObjectId failed for value "60bc0c739f671062ea8aeb90/select=total" (type string) at path "userId" for model "order"
2021-06-15 10:32:05:325 error: userId is not defined
2021-06-15 10:33:04:334 error: Options must be an object, got "1"
2021-06-15 10:33:15:3315 error: Options must be an object, got "limit=1"
2021-06-15 10:33:28:3328 error: Options must be an object, got "limit:1"
2021-06-15 10:33:28:3328 error: Options must be an object, got "limit:1"
2021-06-15 10:36:16:3616 error: Parameter "filter" to find() must be an object, got userId=60bc0c739f671062ea8aeb90
2021-06-15 10:38:11:3811 error: select is not defined
2021-06-15 10:44:22:4422 error: Not found
2021-06-15 10:44:35:4435 error: Not found
2021-06-15 10:44:36:4436 error: Not found
2021-06-15 10:44:54:4454 error: Not found
2021-06-15 10:45:28:4528 error: Not found
2021-06-15 10:58:08:588 error: Can Not Found
2021-06-15 11:06:36:636 error: Not found
2021-06-15 11:09:34:934 error: Not found
2021-06-15 11:09:42:942 error: Not found
2021-06-15 11:49:37:4937 error: Not found
2021-06-20 07:14:15:1415 error: Not found
2021-06-20 07:14:23:1423 error: Not found
2021-06-20 07:14:28:1428 error: Unauthorized
2021-06-20 07:23:24:2324 error: Can Not Found
2021-06-20 07:25:24:2524 error: Can Not Found
2021-06-20 15:09:17:917 error: Not found
2021-06-20 15:10:11:1011 error: Can Not Found
2021-06-20 15:14:37:1437 error: Not found
2021-06-20 15:14:57:1457 error: Cart is Emty
2021-06-20 15:16:07:167 error: Can Not Found
2021-06-20 15:17:16:1716 error: Can Not Found
2021-06-20 15:21:01:211 error: _id is not defined
2021-06-20 15:22:19:2219 error: _id is not defined
2021-06-20 15:22:54:2254 error: _id is not defined
2021-06-20 15:23:11:2311 error: _id is not defined
2021-06-20 15:24:01:241 error: Can Not Found
2021-06-20 15:25:31:2531 error: Can Not Found
2021-06-20 15:26:57:2657 error: Can Not Found
2021-06-20 15:27:18:2718 error: Can Not Found[object Object]
2021-06-20 16:05:46:546 error: schema[parameter].validateAsync is not a function
2021-06-20 16:12:55:1255 error: Validation Failed
2021-06-20 16:16:48:1648 error: categoryName is not defined
2021-06-20 16:17:03:173 error: Can Not Found
2021-06-20 16:18:15:1815 error: Validation Failed
2021-06-20 16:19:36:1936 error: Validation Failed
2021-06-20 16:20:56:2056 error: Validation Failed
2021-06-20 16:21:27:2127 error: Validation Failed
2021-06-20 16:22:25:2225 error: Validation Failed
2021-06-20 16:38:23:3823 error: Validation Failed
2021-06-20 16:38:48:3848 error: Validation Failed
2021-06-20 17:35:04:354 error: Page Not Found
2021-06-20 17:44:01:441 error: Page Not Found
2021-06-20 17:50:53:5053 error: Page Not Found
2021-06-20 17:54:48:5448 error: Page Not Found
2021-06-20 18:04:12:412 error: Can Not Found
2021-06-20 18:07:16:716 error: Can Not Found
2021-06-20 18:18:08:188 error: Can Not Found
2021-06-20 18:23:50:2350 error: query is not defined
2021-06-20 18:24:11:2411 error: Can Not Found
2021-06-20 18:25:01:251 error: Can Not Found
2021-06-20 18:26:02:262 error: Can Not Found
2021-06-20 18:26:05:265 error: Can Not Found
2021-06-20 18:31:22:3122 error: Can Not Found
2021-06-20 18:52:18:5218 error: Unauthorized
2021-06-20 18:53:32:5332 error: Unauthorized
2021-06-20 18:55:42:5542 error: Unauthorized
2021-06-20 18:59:26:5926 error: staffId is not defined
2021-06-20 19:00:01:01 error: Can Not Found
2021-06-20 19:02:53:253 error: Already exist
2021-06-20 19:13:32:1332 error: Page Not Found
2021-06-20 19:24:04:244 error: Parameter "filter" to find() must be an object, got 1
2021-06-20 19:24:36:2436 error: Parameter "filter" to find() must be an object, got 1
2021-06-20 19:25:00:250 error: productId is not defined
2021-06-20 19:25:15:2515 error: Can Not Found
2021-06-20 19:32:59:3259 error: Page Not Found
2021-06-20 19:33:45:3345 error: Cart is Emty
